
============================================================
[2026-07-15 21:28:24] WebView 调试信息转储
============================================================

--- [1] _wd 对象信息 ---
_wd is None（未连接 WebView）

--- [2] 当前页面 URL ---
current_url: 

--- [3] 页面源码（前 5000 字符） ---
_wd 为空，无法获取页面源码

--- [4] 页面所有 <a> 标签 ---
_wd 为空，无法获取 <a> 标签

--- [5] 页面主要 <div> class 列表 ---
_wd 为空

--- [6] 页面全局 JS 数据 ---
_wd 为空

--- [7] 前 10 个 <a> 标签 outerHTML ---
_wd 为空

============================================================
[2026-07-15 21:39:37] WebView 调试信息转储
============================================================

--- [1] _wd 对象信息 ---
_wd is None（未连接 WebView）

--- [2] 当前页面 URL ---
current_url: 

--- [3] 页面源码（前 5000 字符） ---
_wd 为空，无法获取页面源码

--- [4] 页面所有 <a> 标签 ---
_wd 为空，无法获取 <a> 标签

--- [5] 页面主要 <div> class 列表 ---
_wd 为空

--- [6] 页面全局 JS 数据 ---
_wd 为空

--- [7] 前 10 个 <a> 标签 outerHTML ---
_wd 为空

============================================================
[2026-07-15 21:44:23] WebView 调试信息转储
============================================================

--- [1] _wd 对象信息 ---
_wd is None（未连接 WebView）

--- [2] 当前页面 URL ---
current_url: 

--- [3] 页面源码（前 5000 字符） ---
_wd 为空，无法获取页面源码

--- [4] 页面所有 <a> 标签 ---
_wd 为空，无法获取 <a> 标签

--- [5] 页面主要 <div> class 列表 ---
_wd 为空

--- [6] 页面全局 JS 数据 ---
_wd 为空

--- [7] 前 10 个 <a> 标签 outerHTML ---
_wd 为空
